vin01a.att0.xml
vin01a.att1.xml
vin01a.att2.xml
vin01a.att3.xml
vin01a.att4.xml
vin01a.att5.xml
vin02a1.att0.xml
vin02a1.att1.xml
vin02a1.att2.xml
vin02a1.att3.xml
vin02a1.att4.xml
vin02a1.att5.xml
vin02a1.att6.xml
vin02a1.att7.xml
vin02a1.att8.xml
vin02a2.att0.xml
vin02a2.att1.xml
vin02a2.att2.xml
vin02a2.att3.xml
vin02a2.att4.xml
vin02a2.att5.xml
vin02a2.att6.xml
vin02a2.att7.xml
vin02a2.att8.xml
vin02a2.att9.xml
vin02a3.att0.xml
vin02a3.att1.xml
vin02a3.att2.xml
vin02a3.att3.xml
vin02a3.att4.xml
vin02a3.att5.xml
vin02a3.att6.xml
vin02a3.att7.xml
vin02a3.att8.xml
vin02a3.att9.xml
vin02a3.att10.xml
vin02a3.att11.xml
vin02a4.att0.xml
vin02a4.att1.xml
vin02a4.att2.xml
vin02a4.att3.xml
vin02a4.att4.xml
vin02a4.att5.xml
vin02a4.att6.xml
vin02a4.att7.xml
vin02a4.att8.xml
vin02a4.att9.xml
vin02a4.att10.xml
vin02a4.att11.xml
vin02a4.att12.xml
vin02a4.att13.xml
vin02a4.att14.xml
vin02a4.att15.xml
vin02a4.att16.xml
vin02a4.att17.xml
s0101a.att0.xml
s0101a.att1.xml
s0101a.att2.xml
s0101a.att3.xml
s0101a.att4.xml
s0101a.att5.xml
s0101a.att6.xml
s0101a.att7.xml
s0101a.att8.xml
s0101a.att9.xml
s0101a.att10.xml
s0101a.att11.xml
s0101a.att12.xml
s0101a.att13.xml
s0102a.att0.xml
s0102a.att1.xml
s0102a.att2.xml
s0102a.att3.xml
s0102a.att4.xml
s0102a.att5.xml
s0102a.att6.xml
s0102a.att7.xml
s0102a.att8.xml
s0102a.att9.xml
s0103a.att0.xml
s0103a.att1.xml
s0103a.att2.xml
s0103a.att3.xml
s0103a.att4.xml
s0103a.att5.xml
s0103a.att6.xml
s0103a.att7.xml
s0103a.att8.xml
s0103a.att9.xml
s0103a.att10.xml
s0201a.att0.xml
s0201a.att1.xml
s0201a.att2.xml
s0201a.att3.xml
s0201a.att4.xml
s0201a.att5.xml
s0202a.att0.xml
s0202a.att1.xml
s0202a.att2.xml
s0202a.att3.xml
s0202a.att4.xml
s0203a.att0.xml
s0203a.att1.xml
s0203a.att2.xml
s0203a.att3.xml
s0203a.att4.xml
s0301a.att0.xml
s0301a.att1.xml
s0301a.att2.xml
s0301a.att3.xml
s0301a.att4.xml
s0301a.att5.xml
s0301a.att6.xml
s0301a.att7.xml
s0301a.att8.xml
s0301a.att9.xml
s0301a.att10.xml
s0301a.att11.xml
s0302a.att0.xml
s0302a.att1.xml
s0302a.att2.xml
s0302a.att3.xml
s0302a.att4.xml
s0302a.att5.xml
s0302a.att6.xml
s0302a.att7.xml
s0302a.att8.xml
s0302a.att9.xml
s0303a.att0.xml
s0303a.att1.xml
s0303a.att2.xml
s0303a.att3.xml
s0303a.att4.xml
s0303a.att5.xml
s0303a.att6.xml
s0303a.att7.xml
s0303a.att8.xml
s0303a.att9.xml
s0303a.att10.xml
s0303a.att11.xml
s0303a.att12.xml
s0304a.att0.xml
s0304a.att1.xml
s0304a.att2.xml
s0304a.att3.xml
s0304a.att4.xml
s0304a.att5.xml
s0304a.att6.xml
s0304a.att7.xml
s0304a.att8.xml
s0304a.att9.xml
s0305a.att0.xml
s0305a.att1.xml
s0305a.att2.xml
s0305a.att3.xml
s0305a.att4.xml
s0305a.att5.xml
s0305a.att6.xml
s0305a.att7.xml
s0305a.att8.xml
s0305a.att9.xml
s0305a.att10.xml
s0305a.att11.xml
s0401a.att0.xml
s0401a.att1.xml
s0401a.att2.xml
s0401a.att3.xml
s0401a.att4.xml
s0401a.att5.xml
s0401a.att6.xml
s0401a.att7.xml
s0401a.att8.xml
s0401a.att9.xml
s0401a.att10.xml
s0401a.att11.xml
s0401a.att12.xml
s0401a.att13.xml
s0401a.att14.xml
s0401a.att15.xml
s0401a.att16.xml
s0401a.att17.xml
s0401a.att18.xml
s0401a.att19.xml
s0402a.att0.xml
s0402a.att1.xml
s0402a.att2.xml
s0402a.att3.xml
s0402a.att4.xml
s0402a.att5.xml
s0402a.att6.xml
s0402a.att7.xml
s0402a.att8.xml
s0402a.att9.xml
s0402a.att10.xml
s0402a.att11.xml
s0402a.att12.xml
s0402a.att13.xml
s0402a.att14.xml
s0402a.att15.xml
s0402a.att16.xml
s0402a.att17.xml
s0402a.att18.xml
s0402a.att19.xml
s0402a.att20.xml
s0402a.att21.xml
s0402a.att22.xml
s0402a.att23.xml
s0402a.att24.xml
s0402a.att25.xml
s0402a.att26.xml
s0402a.att27.xml
s0402a.att28.xml
s0402a.att29.xml
s0402a.att30.xml
s0402a.att31.xml
s0402a.att32.xml
s0402a.att33.xml
s0402a.att34.xml
s0402a.att35.xml
s0402a.att36.xml
s0402a.att37.xml
s0402a.att38.xml
s0402a.att39.xml
s0402a.att40.xml
s0402a.att41.xml
s0402a.att42.xml
s0402a.att43.xml
s0402a.att44.xml
s0402a.att45.xml
s0402a.att46.xml
s0402a.att47.xml
s0402a.att48.xml
s0402a.att49.xml
s0402a.att50.xml
s0402a.att51.xml
s0402a.att52.xml
s0402a.att53.xml
s0402a.att54.xml
s0402a.att55.xml
s0402a.att56.xml
s0402a.att57.xml
s0402a.att58.xml
s0402a.att59.xml
s0402a.att60.xml
s0402a.att61.xml
s0402a.att62.xml
s0402a.att63.xml
s0403a.att0.xml
s0403a.att1.xml
s0403a.att2.xml
s0403a.att3.xml
s0403a.att4.xml
s0403a.att5.xml
s0403a.att6.xml
s0403a.att7.xml
s0403a.att8.xml
s0403a.att9.xml
s0403a.att10.xml
s0403a.att11.xml
s0403a.att12.xml
s0403a.att13.xml
s0403a.att14.xml
s0403a.att15.xml
s0403a.att16.xml
s0403a.att17.xml
s0403a.att18.xml
s0403a.att19.xml
s0403a.att20.xml
s0403a.att21.xml
s0403a.att22.xml
s0403a.att23.xml
s0403a.att24.xml
s0403a.att25.xml
s0403a.att26.xml
s0403a.att27.xml
s0403a.att28.xml
s0403a.att29.xml
s0403a.att30.xml
s0403a.att31.xml
s0403a.att32.xml
s0403a.att33.xml
s0403a.att34.xml
s0403a.att35.xml
s0403a.att36.xml
s0403a.att37.xml
s0403a.att38.xml
s0403a.att39.xml
s0403a.att40.xml
s0403a.att41.xml
s0403a.att42.xml
s0403a.att43.xml
s0403a.att44.xml
s0403a.att45.xml
s0403a.att46.xml
s0404a.att0.xml
s0404a.att1.xml
s0404a.att2.xml
s0404a.att3.xml
s0404a.att4.xml
s0404a.att5.xml
s0404a.att6.xml
s0404a.att7.xml
s0404a.att8.xml
s0404a.att9.xml
s0404a.att10.xml
s0404a.att11.xml
s0404a.att12.xml
s0404a.att13.xml
s0404a.att14.xml
s0404a.att15.xml
s0404a.att16.xml
s0404a.att17.xml
s0404a.att18.xml
s0404a.att19.xml
s0404a.att20.xml
s0404a.att21.xml
s0404a.att22.xml
s0404a.att23.xml
s0404a.att24.xml
s0404a.att25.xml
s0404a.att26.xml
s0404a.att27.xml
s0404a.att28.xml
s0404a.att29.xml
s0404a.att30.xml
s0404a.att31.xml
s0404a.att32.xml
s0501a.att0.xml
s0501a.att1.xml
s0501a.att2.xml
s0501a.att3.xml
s0501a.att4.xml
s0501a.att5.xml
s0501a.att6.xml
s0501a.att7.xml
s0501a.att8.xml
s0501a.att9.xml
s0502a.att0.xml
s0502a.att1.xml
s0502a.att2.xml
s0502a.att3.xml
s0502a.att4.xml
s0502a.att5.xml
s0502a.att6.xml
s0502a.att7.xml
s0502a.att8.xml
s0502a.att9.xml
s0502a.att10.xml
s0502a.att11.xml
s0502a.att12.xml
s0502a.att13.xml
s0502a.att14.xml
s0502a.att15.xml
s0502a.att16.xml
s0502a.att17.xml
s0502a.att18.xml
s0502a.att19.xml
s0502a.att20.xml
s0502a.att21.xml
s0502a.att22.xml
s0502a.att23.xml
s0502a.att24.xml
s0502a.att25.xml
s0502a.att26.xml
s0503a.att0.xml
s0503a.att1.xml
s0503a.att2.xml
s0503a.att3.xml
s0503a.att4.xml
s0503a.att5.xml
s0503a.att6.xml
s0503a.att7.xml
s0503a.att8.xml
s0504a.att0.xml
s0504a.att1.xml
s0504a.att2.xml
s0504a.att3.xml
s0504a.att4.xml
s0505a.att0.xml
s0505a.att1.xml
s0505a.att2.xml
s0505a.att3.xml
s0505a.att4.xml
s0506a.att0.xml
s0506a.att1.xml
s0506a.att2.xml
s0507a.att0.xml
s0507a.att1.xml
s0507a.att2.xml
s0507a.att3.xml
s0507a.att4.xml
s0508a1.att0.xml
s0508a1.att1.xml
s0508a1.att2.xml
s0508a1.att3.xml
s0508a2.att0.xml
s0508a2.att1.xml
s0508a2.att2.xml
s0508a2.att3.xml
s0508a2.att4.xml
s0508a2.att5.xml
s0508a2.att6.xml
s0508a2.att7.xml
s0508a2.att8.xml
s0508a2.att9.xml
s0508a2.att10.xml
s0508a2.att11.xml
s0508a2.att12.xml
s0508a2.att13.xml
s0508a2.att14.xml
s0508a2.att15.xml
s0508a2.att16.xml
s0508a2.att17.xml
s0509a.att0.xml
s0509a.att1.xml
s0509a.att2.xml
s0509a.att3.xml
s0509a.att4.xml
s0509a.att5.xml
s0509a.att6.xml
s0509a.att7.xml
s0509a.att8.xml
s0509a.att9.xml
s0509a.att10.xml
s0509a.att11.xml
s0509a.att12.xml
s0509a.att13.xml
s0509a.att14.xml
s0509a.att15.xml
s0510a.att0.xml
s0510a.att1.xml
s0510a.att2.xml
s0510a.att3.xml
s0510a.att4.xml
s0510a.att5.xml
s0510a.att6.xml
s0510a.att7.xml
s0510a.att8.xml
s0510a.att9.xml
s0510a.att10.xml
s0510a.att11.xml
s0510a.att12.xml
s0510a.att13.xml
s0510a.att14.xml
s0510a.att15.xml
s0510a.att16.xml
s0510a.att17.xml
s0510a.att18.xml
s0510a.att19.xml
s0510a.att20.xml
s0510a.att21.xml
s0510a.att22.xml
s0510a.att23.xml
s0510a.att24.xml
s0510a.att25.xml
s0510a.att26.xml
s0510a.att27.xml
s0510a.att28.xml
s0510a.att29.xml
s0510a.att30.xml
s0510a.att31.xml
s0510a.att32.xml
s0510a.att33.xml
s0510a.att34.xml
s0510a.att35.xml
s0510a.att36.xml
s0510a.att37.xml
s0510a.att38.xml
s0510a.att39.xml
s0510a.att40.xml
s0510a.att41.xml
s0510a.att42.xml
s0511a.att0.xml
s0511a.att1.xml
s0511a.att2.xml
s0511a.att3.xml
s0511a.att4.xml
s0511a.att5.xml
s0511a.att6.xml
s0511a.att7.xml
s0511a.att8.xml
s0511a.att9.xml
s0511a.att10.xml
s0511a.att11.xml
s0511a.att12.xml
s0511a.att13.xml
s0511a.att14.xml
s0511a.att15.xml
s0511a.att16.xml
s0511a.att17.xml
s0511a.att18.xml
s0511a.att19.xml
s0511a.att20.xml
s0511a.att21.xml
s0511a.att22.xml
s0511a.att23.xml
s0511a.att24.xml
s0511a.att25.xml
s0511a.att26.xml
s0511a.att27.xml
s0511a.att28.xml
s0512a.att0.xml
s0512a.att1.xml
s0512a.att2.xml
s0512a.att3.xml
s0513a1.att0.xml
s0513a1.att1.xml
s0513a2.att0.xml
s0513a2.att1.xml
s0513a3.att0.xml
s0513a3.att1.xml
s0513a3.att2.xml
s0513a3.att3.xml
s0513a3.att4.xml
s0513a3.att5.xml
s0513a4.att0.xml
s0513a4.att1.xml
s0513a4.att2.xml
s0513a4.att3.xml
s0513a4.att4.xml
s0513a4.att5.xml
s0513a4.att6.xml
s0514a1.att0.xml
s0514a1.att1.xml
s0514a1.att2.xml
s0514a1.att3.xml
s0514a1.att4.xml
s0514a2.att.xml
s0514a3.att.xml
s0515a.att0.xml
s0515a.att1.xml
s0515a.att2.xml
s0515a.att3.xml
s0515a.att4.xml
s0515a.att5.xml
s0515a.att6.xml
s0515a.att7.xml
s0515a.att8.xml
s0515a.att9.xml
s0515a.att10.xml
s0515a.att11.xml
s0515a.att12.xml
s0515a.att13.xml
s0515a.att14.xml
s0515a.att15.xml
s0515a.att16.xml
s0516a.att0.xml
s0516a.att1.xml
s0517a.att0.xml
s0517a.att1.xml
s0517a.att2.xml
s0517a.att3.xml
s0517a.att4.xml
s0517a.att5.xml
s0517a.att6.xml
s0517a.att7.xml
s0517a.att8.xml
s0517a.att9.xml
s0517a.att10.xml
s0517a.att11.xml
s0517a.att12.xml
s0517a.att13.xml
s0517a.att14.xml
s0517a.att15.xml
s0517a.att16.xml
s0517a.att17.xml
s0517a.att18.xml
s0517a.att19.xml
s0517a.att20.xml
s0517a.att21.xml
s0517a.att22.xml
s0517a.att23.xml
s0519a.att0.xml
s0519a.att1.xml
s0519a.att2.xml
s0519a.att3.xml
s0519a.att4.xml
s0519a.att5.xml
s0519a.att6.xml
abh01a.att0.xml
abh01a.att1.xml
abh01a.att2.xml
abh01a.att3.xml
abh01a.att4.xml
abh01a.att5.xml
abh01a.att6.xml
abh01a.att7.xml
abh02a.att0.xml
abh02a.att1.xml
abh02a.att2.xml
abh02a.att3.xml
abh02a.att4.xml
abh02a.att5.xml
abh02a.att6.xml
abh02a.att7.xml
abh02a.att8.xml
abh02a.att9.xml
abh02a.att10.xml
abh02a.att11.xml
abh02a.att12.xml
abh02a.att13.xml
abh02a.att14.xml
abh02a.att15.xml
abh02a.att16.xml
abh02a.att17.xml
abh03a.att0.xml
abh03a.att1.xml
abh03a.att2.xml
abh03a.att3.xml
abh03a.att4.xml
abh03a.att5.xml
abh03a.att6.xml
abh03a.att7.xml
abh03a.att8.xml
abh03a.att9.xml
abh03a.att10.xml
abh03a.att11.xml
abh03a.att12.xml
abh03a.att13.xml
abh03a.att14.xml
abh03a.att15.xml
abh03a.att16.xml
abh03a.att17.xml
abh03a.att18.xml
abh03a.att19.xml
abh03a.att20.xml
abh03a.att21.xml
abh03a.att22.xml
abh03a.att23.xml
abh03a.att24.xml
abh03a.att25.xml
abh03a.att26.xml
abh03a.att27.xml
abh03a.att28.xml
abh03a.att29.xml
abh03a.att30.xml
abh03a.att31.xml
abh03a.att32.xml
abh03a.att33.xml
abh03a.att34.xml
abh03a.att35.xml
abh03a.att36.xml
abh03a.att37.xml
abh03a.att38.xml
abh03a.att39.xml
abh03a.att40.xml
abh03a.att41.xml
abh03a.att42.xml
abh03a.att43.xml
abh03a.att44.xml
abh03a.att45.xml
abh03a.att46.xml
abh03a.att47.xml
abh03a.att48.xml
abh03a.att49.xml
abh03a.att50.xml
abh03a.att51.xml
abh03a.att52.xml
abh03a.att53.xml
abh03a.att54.xml
abh03a.att55.xml
abh03a.att56.xml
abh03a.att57.xml
abh03a.att58.xml
abh03a.att59.xml
abh03a.att60.xml
abh03a.att61.xml
abh03a.att62.xml
abh03a.att63.xml
abh03a.att64.xml
abh03a.att65.xml
e0103n.att0.xml
e0103n.att1.xml
e0103n.att2.xml
e0103n.att3.xml
e0103n.att4.xml
e0103n.att5.xml
e0103n.att6.xml
e0103n.att7.xml
e0103n.att8.xml
e0103n.att9.xml
e0103n.att10.xml
e0103n.att11.xml
e0104n.att0.xml
e0104n.att1.xml
e0104n.att2.xml
e0104n.att3.xml
e0104n.att4.xml
e0104n.att5.xml
e0104n.att6.xml
e0104n.att7.xml
e0104n.att8.xml
e0104n.att9.xml
e0104n.att10.xml
e0104n.att11.xml