vin04t.nrf0.xml
vin04t.nrf1.xml
vin04t.nrf2.xml
vin04t.nrf3.xml
vin04t.nrf4.xml
vin04t.nrf5.xml
vin04t.nrf6.xml
vin04t.nrf7.xml
vin04t.nrf8.xml
vin04t.nrf9.xml
vin04t.nrf10.xml
vin04t.nrf11.xml
vin04t.nrf12.xml
vin04t.nrf13.xml
vin04t.nrf14.xml
vin04t.nrf15.xml
vin04t.nrf16.xml
vin05t.nrf0.xml
vin05t.nrf1.xml
vin05t.nrf2.xml
vin05t.nrf3.xml
vin05t.nrf4.xml
vin05t.nrf5.xml
vin05t.nrf6.xml
vin05t.nrf7.xml
vin05t.nrf8.xml
vin05t.nrf9.xml
vin05t.nrf10.xml
vin05t.nrf11.xml
vin05t.nrf12.xml
vin05t.nrf13.xml
vin05t.nrf14.xml
vin05t.nrf15.xml
vin05t.nrf16.xml
vin05t.nrf17.xml
vin05t.nrf18.xml
vin05t.nrf19.xml
vin05t.nrf20.xml
vin05t.nrf21.xml
vin05t.nrf22.xml
vin05t.nrf23.xml
vin05t.nrf24.xml
vin05t.nrf25.xml
vin05t.nrf26.xml
vin05t.nrf27.xml
vin05t.nrf28.xml
vin05t.nrf29.xml
vin05t.nrf30.xml
vin05t.nrf31.xml
vin05t.nrf32.xml
vin05t.nrf33.xml
vin05t.nrf34.xml
vin06t.nrf0.xml
vin06t.nrf1.xml
vin06t.nrf2.xml
vin06t.nrf3.xml
vin06t.nrf4.xml
vin06t.nrf5.xml
vin07t.nrf0.xml
vin07t.nrf1.xml
vin07t.nrf2.xml
vin07t.nrf3.xml
vin07t.nrf4.xml
vin07t.nrf5.xml
vin07t.nrf6.xml
vin07t.nrf7.xml
vin07t.nrf8.xml
vin07t.nrf9.xml
vin07t.nrf10.xml
vin07t.nrf11.xml
vin07t.nrf12.xml
vin07t.nrf13.xml
vin07t.nrf14.xml
vin07t.nrf15.xml
vin07t.nrf16.xml
vin07t.nrf17.xml
vin07t.nrf18.xml
vin07t.nrf19.xml
vin07t.nrf20.xml
vin07t.nrf21.xml
vin07t.nrf22.xml
vin07t.nrf23.xml
vin07t.nrf24.xml
vin07t.nrf25.xml
vin07t.nrf26.xml
vin07t.nrf27.xml
vin07t.nrf28.xml
vin07t.nrf29.xml
vin07t.nrf30.xml
vin07t.nrf31.xml
vin07t.nrf32.xml
vin07t.nrf33.xml
vin07t.nrf34.xml
vin07t.nrf35.xml
vin07t.nrf36.xml
vin07t.nrf37.xml
vin07t.nrf38.xml
vin07t.nrf39.xml
vin07t.nrf40.xml
vin07t.nrf41.xml
vin07t.nrf42.xml
vin07t.nrf43.xml
vin07t.nrf44.xml
vin07t.nrf45.xml
vin07t.nrf46.xml
vin07t.nrf47.xml
vin07t.nrf48.xml
vin07t.nrf49.xml
vin07t.nrf50.xml
vin07t.nrf51.xml
vin07t.nrf52.xml
vin07t.nrf53.xml
vin07t.nrf54.xml
vin07t.nrf55.xml
vin07t.nrf56.xml
vin08t.nrf0.xml
vin08t.nrf1.xml
vin08t.nrf2.xml
vin08t.nrf3.xml
vin08t.nrf4.xml
vin08t.nrf5.xml
vin08t.nrf6.xml
vin08t.nrf7.xml
vin08t.nrf8.xml
vin08t.nrf9.xml
vin08t.nrf10.xml
vin08t.nrf11.xml
vin08t.nrf12.xml
vin08t.nrf13.xml
vin08t.nrf14.xml
vin08t.nrf15.xml
vin08t.nrf16.xml
vin08t.nrf17.xml
vin08t.nrf18.xml
vin08t.nrf19.xml
vin08t.nrf20.xml
vin08t.nrf21.xml
vin08t.nrf22.xml
vin08t.nrf23.xml
vin08t.nrf24.xml
vin08t.nrf25.xml
vin08t.nrf26.xml
vin08t.nrf27.xml
vin08t.nrf28.xml
vin08t.nrf29.xml
vin08t.nrf30.xml
vin08t.nrf31.xml
vin08t.nrf32.xml
vin08t.nrf33.xml
vin08t.nrf34.xml
vin08t.nrf35.xml
vin09t.nrf0.xml
vin09t.nrf1.xml
vin09t.nrf2.xml
vin09t.nrf3.xml
vin09t.nrf4.xml
vin09t.nrf5.xml
vin09t.nrf6.xml
vin09t.nrf7.xml
vin09t.nrf8.xml
vin09t.nrf9.xml
vin09t.nrf10.xml
vin09t.nrf11.xml
vin09t.nrf12.xml
vin09t.nrf13.xml
vin09t.nrf14.xml
vin09t.nrf15.xml
vin09t.nrf16.xml
vin09t.nrf17.xml
vin09t.nrf18.xml
vin09t.nrf19.xml
vin09t.nrf20.xml
vin09t.nrf21.xml
vin09t.nrf22.xml
vin09t.nrf23.xml
vin09t.nrf24.xml
vin09t.nrf25.xml
vin10t.nrf0.xml
vin10t.nrf1.xml
vin10t.nrf2.xml
vin10t.nrf3.xml
vin10t.nrf4.xml
vin10t.nrf5.xml
vin10t.nrf6.xml
vin10t.nrf7.xml
vin11t.nrf0.xml
vin11t.nrf1.xml
vin11t.nrf2.xml
vin11t.nrf3.xml
vin11t.nrf4.xml
vin11t.nrf5.xml
vin11t.nrf6.xml
vin11t.nrf7.xml
vin11t.nrf8.xml
vin11t.nrf9.xml
vin11t.nrf10.xml
vin11t.nrf11.xml
vin11t.nrf12.xml
vin11t.nrf13.xml
vin11t.nrf14.xml
vin11t.nrf15.xml
vin11t.nrf16.xml
vin11t.nrf17.xml
vin11t.nrf18.xml
vin11t.nrf19.xml
vin11t.nrf20.xml
vin11t.nrf21.xml
vin11t.nrf22.xml
vin11t.nrf23.xml
vin11t.nrf24.xml
vin11t.nrf25.xml
vin11t.nrf26.xml
vin11t.nrf27.xml
vin11t.nrf28.xml
vin11t.nrf29.xml
vin11t.nrf30.xml
vin11t.nrf31.xml
vin11t.nrf32.xml
vin11t.nrf33.xml
vin11t.nrf34.xml
vin11t.nrf35.xml
vin11t.nrf36.xml
vin11t.nrf37.xml
vin11t.nrf38.xml
vin11t.nrf39.xml
vin11t.nrf40.xml
vin11t.nrf41.xml
vin11t.nrf42.xml
vin11t.nrf43.xml
vin11t.nrf44.xml
vin11t.nrf45.xml
vin11t.nrf46.xml
vin11t.nrf47.xml
vin11t.nrf48.xml
vin12t.nrf0.xml
vin12t.nrf1.xml
vin12t.nrf2.xml
vin12t.nrf3.xml
vin12t.nrf4.xml
vin13t.nrf0.xml
vin13t.nrf1.xml
vin13t.nrf2.xml
vin13t.nrf3.xml
vin13t.nrf4.xml
s0104t.nrf0.xml
s0104t.nrf1.xml
s0105t.nrf0.xml
s0105t.nrf1.xml
s0105t.nrf2.xml
s0105t.nrf3.xml
s0105t.nrf4.xml
s0105t.nrf5.xml
s0105t.nrf6.xml
s0105t.nrf7.xml
s0105t.nrf8.xml
s0105t.nrf9.xml
s0105t.nrf10.xml
s0105t.nrf11.xml
s0501t.nrf0.xml
s0501t.nrf1.xml
s0501t.nrf2.xml
s0501t.nrf3.xml
s0501t.nrf4.xml
s0501t.nrf5.xml
s0518m.nrf0.xml
s0518m.nrf1.xml
s0518m.nrf2.xml
s0518m.nrf3.xml
s0518m.nrf4.xml
s0520m.nrf0.xml
s0520m.nrf1.xml
s0520m.nrf2.xml
s0520m.nrf3.xml
s0520m.nrf4.xml
s0520m.nrf5.xml
s0520m.nrf6.xml
s0520m.nrf7.xml
abh04t.nrf0.xml
abh04t.nrf1.xml
abh04t.nrf2.xml
abh04t.nrf3.xml
abh04t.nrf4.xml
abh04t.nrf5.xml
abh04t.nrf6.xml
abh04t.nrf7.xml
abh05t.nrf1.xml
abh05t.nrf2.xml
abh05t.nrf3.xml
abh05t.nrf4.xml
abh05t.nrf5.xml
abh06t.nrf0.xml
abh06t.nrf1.xml
abh06t.nrf2.xml
abh06t.nrf3.xml
abh06t.nrf4.xml
abh06t.nrf5.xml
abh06t.nrf6.xml
abh06t.nrf7.xml
abh06t.nrf8.xml
abh06t.nrf9.xml
abh06t.nrf10.xml
abh06t.nrf11.xml
abh06t.nrf12.xml
abh06t.nrf13.xml
abh06t.nrf14.xml
abh06t.nrf15.xml
abh06t.nrf16.xml
abh06t.nrf17.xml
abh06t.nrf18.xml
abh06t.nrf19.xml
abh06t.nrf20.xml
abh06t.nrf21.xml
abh06t.nrf22.xml
abh06t.nrf23.xml
abh06t.nrf24.xml
abh06t.nrf25.xml
abh06t.nrf26.xml
abh06t.nrf27.xml
abh06t.nrf28.xml
abh06t.nrf29.xml
abh06t.nrf30.xml
abh06t.nrf31.xml
abh06t.nrf32.xml
abh06t.nrf33.xml
abh06t.nrf34.xml
abh06t.nrf35.xml
abh06t.nrf36.xml
abh06t.nrf37.xml
abh06t.nrf38.xml
abh06t.nrf39.xml
abh06t.nrf40.xml
abh06t.nrf41.xml
abh06t.nrf42.xml
abh06t.nrf43.xml
abh06t.nrf44.xml
abh06t.nrf45.xml
abh06t.nrf46.xml
abh06t.nrf47.xml
abh06t.nrf48.xml
abh06t.nrf49.xml
abh06t.nrf50.xml
abh06t.nrf51.xml
abh06t.nrf52.xml
abh06t.nrf53.xml
abh06t.nrf54.xml
abh06t.nrf55.xml
abh06t.nrf56.xml
abh06t.nrf57.xml
abh06t.nrf58.xml
abh06t.nrf59.xml
abh06t.nrf60.xml
abh06t.nrf61.xml
abh06t.nrf62.xml
abh06t.nrf63.xml
abh06t.nrf64.xml
abh06t.nrf65.xml
abh06t.nrf66.xml
abh06t.nrf67.xml
abh06t.nrf68.xml
abh06t.nrf69.xml
abh06t.nrf70.xml
abh06t.nrf71.xml
abh06t.nrf72.xml
abh06t.nrf73.xml
abh06t.nrf74.xml
abh06t.nrf75.xml
abh06t.nrf76.xml
abh06t.nrf77.xml
abh07t.nrf0.xml
abh07t.nrf1.xml
abh07t.nrf2.xml
abh07t.nrf3.xml
abh07t.nrf4.xml
abh07t.nrf5.xml
abh07t.nrf6.xml
abh07t.nrf7.xml
abh07t.nrf8.xml
abh07t.nrf9.xml
abh07t.nrf10.xml
abh07t.nrf11.xml
abh07t.nrf12.xml
abh07t.nrf13.xml
abh07t.nrf14.xml
abh07t.nrf15.xml
abh07t.nrf16.xml
abh07t.nrf17.xml
abh08t.nrf0.xml
abh08t.nrf1.xml
abh08t.nrf2.xml
abh08t.nrf3.xml
abh08t.nrf4.xml
abh08t.nrf5.xml
abh08t.nrf6.xml
abh08t.nrf7.xml
abh08t.nrf8.xml
abh08t.nrf9.xml
abh08t.nrf10.xml
abh08t.nrf11.xml
abh08t.nrf12.xml
abh08t.nrf13.xml
abh08t.nrf14.xml
abh08t.nrf15.xml
abh08t.nrf16.xml
abh08t.nrf17.xml
abh08t.nrf18.xml
abh08t.nrf19.xml
abh08t.nrf20.xml
abh08t.nrf21.xml
abh08t.nrf22.xml
abh08t.nrf23.xml
abh08t.nrf24.xml
abh08t.nrf25.xml
abh08t.nrf26.xml
abh08t.nrf27.xml
abh08t.nrf28.xml
abh08t.nrf29.xml
abh08t.nrf30.xml
abh08t.nrf31.xml
abh08t.nrf32.xml
abh08t.nrf33.xml
abh08t.nrf34.xml
abh08t.nrf35.xml
abh08t.nrf36.xml
abh08t.nrf37.xml
abh08t.nrf38.xml
abh08t.nrf39.xml
abh08t.nrf40.xml
abh08t.nrf41.xml
abh08t.nrf42.xml
abh08t.nrf43.xml
abh08t.nrf44.xml
abh08t.nrf45.xml
abh08t.nrf46.xml
abh08t.nrf47.xml
abh08t.nrf48.xml
abh09t.nrf0.xml
abh09t.nrf1.xml
abh09t.nrf2.xml
abh09t.nrf3.xml
abh09t.nrf4.xml
abh09t.nrf5.xml
abh09t.nrf6.xml
abh09t.nrf7.xml
abh09t.nrf8.xml
abh09t.nrf9.xml
abh09t.nrf10.xml
abh09t.nrf11.xml
abh09t.nrf12.xml
abh09t.nrf13.xml
e0105n.nrf0.xml
e0105n.nrf1.xml
e0105n.nrf2.xml
e0105n.nrf3.xml
e0105n.nrf4.xml
e0105n.nrf5.xml
e0105n.nrf6.xml
e0105n.nrf7.xml
e0105n.nrf8.xml
e0105n.nrf9.xml
e0105n.nrf10.xml
e0105n.nrf11.xml
e0105n.nrf12.xml
e0105n.nrf13.xml
e0105n.nrf14.xml
e0105n.nrf15.xml
e0105n.nrf16.xml
e0105n.nrf17.xml
e0105n.nrf18.xml
e0105n.nrf19.xml
e0105n.nrf20.xml
e0105n.nrf21.xml
e0105n.nrf22.xml
e0105n.nrf23.xml
e0105n.nrf24.xml
e0105n.nrf25.xml
e0105n.nrf26.xml
e0105n.nrf27.xml
e0105n.nrf28.xml
e0105n.nrf29.xml
e0105n.nrf30.xml
e0105n.nrf31.xml
e0105n.nrf32.xml
e0105n.nrf33.xml
e0105n.nrf34.xml
e0105n.nrf35.xml
e0105n.nrf36.xml
e0201n.nrf0.xml
e0201n.nrf1.xml
e0201n.nrf2.xml
e0201n.nrf3.xml
e0201n.nrf4.xml
e0201n.nrf5.xml
e0201n.nrf6.xml
e0301n.nrf0.xml
e0301n.nrf1.xml
e0301n.nrf2.xml
e0301n.nrf3.xml
e0301n.nrf4.xml
e0301n.nrf5.xml
e0301n.nrf6.xml
e0301n.nrf7.xml
e0301n.nrf8.xml
e0301n.nrf9.xml
e0301n.nrf10.xml
e0301n.nrf11.xml
e0301n.nrf12.xml
e0401n.nrf0.xml
e0401n.nrf1.xml
e0401n.nrf2.xml
e0401n.nrf3.xml
e0401n.nrf4.xml
e0401n.nrf5.xml
e0401n.nrf6.xml
e0401n.nrf7.xml
e0401n.nrf8.xml
e0501n.nrf0.xml
e0501n.nrf1.xml
e0501n.nrf2.xml
e0501n.nrf3.xml
e0501n.nrf4.xml
e0501n.nrf5.xml
e0501n.nrf6.xml
e0501n.nrf7.xml
e0501n.nrf8.xml
e0501n.nrf9.xml
e0501n.nrf10.xml
e0501n.nrf11.xml
e0501n.nrf12.xml
e0501n.nrf13.xml
e0501n.nrf14.xml
e0501n.nrf15.xml
e0501n.nrf16.xml
e0501n.nrf17.xml
e0501n.nrf18.xml
e0501n.nrf19.xml
e0501n.nrf20.xml
e0501n.nrf21.xml
e0501n.nrf22.xml
e0601n.nrf0.xml
e0601n.nrf1.xml
e0602n.nrf0.xml
e0602n.nrf1.xml
e0602n.nrf2.xml
e0603n.nrf0.xml
e0603n.nrf1.xml
e0603n.nrf2.xml
e0604n.nrf.xml
e0605n.nrf0.xml
e0605n.nrf1.xml
e0605n.nrf2.xml
e0605n.nrf3.xml
e0605n.nrf4.xml
e0605n.nrf5.xml
e0605n.nrf6.xml
e0605n.nrf7.xml
e0605n.nrf8.xml
e0605n.nrf9.xml
e0605n.nrf10.xml
e0605n.nrf11.xml
e0605n.nrf12.xml
e0605n.nrf13.xml
e0605n.nrf14.xml
e0605n.nrf15.xml
e0605n.nrf16.xml
e0605n.nrf17.xml
e0605n.nrf18.xml
e0605n.nrf19.xml
e0605n.nrf20.xml
e0605n.nrf21.xml
e0605n.nrf22.xml
e0605n.nrf23.xml
e0605n.nrf24.xml
e0605n.nrf25.xml
e0605n.nrf26.xml
e0605n.nrf27.xml
e0605n.nrf28.xml
e0605n.nrf29.xml
e0606n.nrf.xml
e0607n.nrf.xml
e0608n.nrf.xml
e0701n.nrf0.xml
e0701n.nrf1.xml
e0701n.nrf2.xml
e0701n.nrf3.xml
e0701n.nrf4.xml
e0702n.nrf0.xml
e0702n.nrf1.xml
e0702n.nrf2.xml
e0702n.nrf3.xml
e0702n.nrf4.xml
e0702n.nrf5.xml
e0702n.nrf6.xml
e0702n.nrf7.xml
e0702n.nrf8.xml
e0702n.nrf9.xml
e0702n.nrf10.xml
e0703n.nrf0.xml
e0703n.nrf1.xml
e0703n.nrf2.xml
e0703n.nrf3.xml
e0703n.nrf4.xml
e0703n.nrf5.xml
e0703n.nrf6.xml
e0703n.nrf7.xml
e0703n.nrf8.xml
e0703n.nrf9.xml
e0703n.nrf10.xml
e0703n.nrf11.xml
e0703n.nrf12.xml
e0703n.nrf13.xml
e0703n.nrf14.xml
e0703n.nrf15.xml
e0703n.nrf16.xml
e0703n.nrf17.xml
e0703n.nrf18.xml
e0703n.nrf19.xml
e0703n.nrf20.xml
e0703n.nrf21.xml
e0703n.nrf22.xml
e0703n.nrf23.xml
e0703n.nrf24.xml
e0703n.nrf25.xml
e0703n.nrf26.xml
e0703n.nrf27.xml
e0703n.nrf28.xml
e0703n.nrf29.xml
e0703n.nrf30.xml
e0703n.nrf31.xml
e0703n.nrf32.xml
e0703n.nrf33.xml
e0703n.nrf34.xml
e0703n.nrf35.xml
e0703n.nrf36.xml
e0703n.nrf37.xml
e0703n.nrf38.xml
e0703n.nrf39.xml
e0703n.nrf40.xml
e0703n.nrf41.xml
e0703n.nrf42.xml
e0703n.nrf43.xml
e0703n.nrf44.xml
e0703n.nrf45.xml
e0703n.nrf46.xml
e0703n.nrf47.xml
e0703n.nrf48.xml
e0703n.nrf49.xml
e0703n.nrf50.xml
e0703n.nrf51.xml
e0703n.nrf52.xml
e0703n.nrf53.xml
e0703n.nrf54.xml
e0703n.nrf55.xml
e0703n.nrf56.xml
e0703n.nrf57.xml
e0703n.nrf58.xml
e0703n.nrf59.xml
e0703n.nrf60.xml
e0703n.nrf61.xml
e0703n.nrf62.xml
e0801n.nrf0.xml
e0801n.nrf1.xml
e0801n.nrf2.xml
e0801n.nrf3.xml
e0801n.nrf4.xml
e0801n.nrf5.xml
e0801n.nrf6.xml
e0801n.nrf7.xml
e0802n.nrf0.xml
e0802n.nrf1.xml
e0802n.nrf2.xml
e0802n.nrf3.xml
e0802n.nrf4.xml
e0802n.nrf5.xml
e0802n.nrf6.xml
e0802n.nrf7.xml
e0802n.nrf8.xml
e0803n.nrf0.xml
e0803n.nrf1.xml
e0803n.nrf2.xml
e0803n.nrf3.xml
e0803n.nrf4.xml
e0803n.nrf5.xml
e0803n.nrf6.xml
e0803n.nrf7.xml
e0803n.nrf8.xml
e0803n.nrf9.xml
e0803n.nrf10.xml
e0803n.nrf11.xml
e0803n.nrf12.xml
e0803n.nrf13.xml
e0803n.nrf14.xml
e0804n.nrf0.xml
e0804n.nrf1.xml
e0804n.nrf2.xml
e0804n.nrf3.xml
e0804n.nrf4.xml
e0805n.nrf0.xml
e0805n.nrf1.xml
e0805n.nrf2.xml
e0805n.nrf3.xml
e0805n.nrf4.xml
e0805n.nrf5.xml
e0805n.nrf6.xml
e0806n.nrf0.xml
e0806n.nrf1.xml
e0806n.nrf2.xml
e0806n.nrf3.xml
e0806n.nrf4.xml
e0806n.nrf5.xml
e0806n.nrf6.xml
e0807n.nrf0.xml
e0807n.nrf1.xml
e0807n.nrf2.xml
e0807n.nrf3.xml
e0807n.nrf4.xml
e0807n.nrf5.xml
e0807n.nrf6.xml
e0808n.nrf0.xml
e0808n.nrf1.xml
e0808n.nrf2.xml
e0808n.nrf3.xml
e0808n.nrf4.xml
e0808n.nrf5.xml
e0809n.nrf0.xml
e0809n.nrf1.xml
e0809n.nrf2.xml
e0809n.nrf3.xml
e0809n.nrf4.xml
e0809n.nrf5.xml
e0810n.nrf0.xml
e0810n.nrf1.xml
e0810n.nrf2.xml
e0810n.nrf3.xml
e0811n.nrf0.xml
e0811n.nrf1.xml
e0811n.nrf2.xml
e0811n.nrf3.xml
e0811n.nrf4.xml
e0812n.nrf0.xml
e0812n.nrf1.xml
e0812n.nrf2.xml
e0812n.nrf3.xml
e0812n.nrf4.xml
e0812n.nrf5.xml
e0813n.nrf0.xml
e0813n.nrf1.xml
e0813n.nrf2.xml
e0813n.nrf3.xml
e0813n.nrf4.xml
e0901n.nrf0.xml
e0901n.nrf1.xml
e0901n.nrf2.xml
e0902n.nrf0.xml
e0902n.nrf1.xml
e0903n.nrf0.xml
e0903n.nrf1.xml
e0903n.nrf2.xml
e0903n.nrf3.xml
e0903n.nrf4.xml
e0904n.nrf.xml
e0905n.nrf0.xml
e0905n.nrf1.xml
e0905n.nrf2.xml
e0905n.nrf3.xml
e0905n.nrf4.xml
e0906n.nrf.xml
e0907n.nrf.xml
e1001n.nrf0.xml
e1001n.nrf1.xml
e1001n.nrf2.xml
e1001n.nrf3.xml
e1001n.nrf4.xml
e1001n.nrf5.xml
e1001n.nrf6.xml
e1001n.nrf7.xml
e1001n.nrf8.xml
e1001n.nrf9.xml
e1001n.nrf10.xml
e1001n.nrf11.xml
e1001n.nrf12.xml
e1001n.nrf13.xml
e1002n.nrf.xml
e1003n.nrf.xml
e1004n.nrf0.xml
e1004n.nrf1.xml
e1004n.nrf2.xml
e1004n.nrf3.xml
e1004n.nrf4.xml
e1005n.nrf0.xml
e1005n.nrf1.xml
e1005n.nrf2.xml
e1005n.nrf3.xml
e1005n.nrf4.xml
e1005n.nrf5.xml
e1005n.nrf6.xml
e1006n.nrf0.xml
e1006n.nrf1.xml
e1007n.nrf0.xml
e1007n.nrf1.xml
e1007n.nrf2.xml
e1008n.nrf.xml
e1009n.nrf1.xml
e1009n.nrf2.xml
e1009n.nrf3.xml
e1009n.nrf4.xml
e1009n.nrf5.xml
e1009n.nrf6.xml
e1009n.nrf7.xml
e1009n.nrf8.xml
e1009n.nrf9.xml
e1009n.nrf10.xml
e1009n.nrf11.xml
e1009n.nrf12.xml
e1009n.nrf13.xml
e1010n.nrf0.xml
e1010n.nrf1.xml
e1010n.nrf2.xml
e1010n.nrf3.xml
e1010n.nrf4.xml
e1010n.nrf5.xml
e1101n.nrf0.xml
e1101n.nrf1.xml
e1101n.nrf2.xml
e1101n.nrf3.xml
e1101n.nrf4.xml
e1102n.nrf0.xml
e1102n.nrf1.xml
e1102n.nrf2.xml
e1102n.nrf3.xml
e1102n.nrf4.xml
e1102n.nrf5.xml
e1103n.nrf.xml
e1201n.nrf.xml
e1202n.nrf0.xml
e1202n.nrf1.xml
e1202n.nrf2.xml
e1202n.nrf3.xml
e1202n.nrf4.xml
e1202n.nrf5.xml
e1202n.nrf6.xml
e1202n.nrf7.xml
e1202n.nrf8.xml
e1202n.nrf9.xml
e1202n.nrf10.xml
e1202n.nrf11.xml
e1202n.nrf12.xml
e1202n.nrf13.xml
e1203n.nrf.xml
e1204n.nrf.xml
e1205n.nrf0.xml
e1205n.nrf1.xml
e1205n.nrf2.xml
e1205n.nrf3.xml
e1205n.nrf4.xml
e1206n.nrf.xml
e1207n.nrf.xml
e1208n.nrf.xml
e1209n.nrf.xml
e1210n.nrf0.xml
e1210n.nrf1.xml
e1211n.nrf.xml
e1212n.nrf.xml
e1213n.nrf.xml
e1214n.nrf0.xml
e1214n.nrf1.xml
e1214n.nrf2.xml
e1214n.nrf3.xml
e1214n.nrf4.xml
e1214n.nrf5.xml
e1214n.nrf6.xml
e1214n.nrf7.xml
e1215n.nrf.xml