vin01t1.tik0.xml
vin01t1.tik1.xml
vin01t2.tik0.xml
vin01t2.tik1.xml
vin01t2.tik2.xml
vin01t2.tik3.xml
vin02t.tik0.xml
vin02t.tik1.xml
vin02t.tik2.xml
vin02t.tik3.xml
vin02t.tik4.xml
vin02t.tik5.xml
vin02t.tik6.xml
vin02t.tik7.xml
vin02t.tik8.xml
vin02t.tik9.xml
vin02t.tik10.xml
vin02t.tik11.xml
vin02t.tik12.xml
vin02t.tik13.xml
vin02t.tik14.xml
vin02t.tik15.xml
vin02t.tik16.xml
vin02t.tik17.xml
vin02t.tik18.xml
vin02t.tik19.xml
vin02t.tik20.xml
vin02t.tik21.xml
vin02t.tik22.xml
vin02t.tik23.xml
vin02t.tik24.xml
vin02t.tik25.xml
vin02t.tik26.xml
vin02t.tik27.xml
vin02t.tik28.xml
vin02t.tik29.xml
vin02t.tik30.xml
vin02t.tik31.xml
vin02t.tik32.xml
vin02t.tik33.xml
vin02t.tik34.xml
vin02t.tik35.xml
vin02t.tik36.xml
vin02t.tik37.xml
vin02t.tik38.xml
vin02t.tik39.xml
vin02t.tik40.xml
vin02t.tik41.xml
vin02t.tik42.xml
vin02t.tik43.xml
vin02t.tik44.xml
vin02t.tik45.xml
vin02t.tik46.xml
vin02t.tik47.xml
s0101t.tik0.xml
s0101t.tik1.xml
s0101t.tik2.xml
s0101t.tik3.xml
s0101t.tik4.xml
s0101t.tik5.xml
s0101t.tik6.xml
s0101t.tik7.xml
s0101t.tik8.xml
s0101t.tik9.xml
s0101t.tik10.xml
s0101t.tik11.xml
s0101t.tik12.xml
s0101t.tik13.xml
s0102t.tik0.xml
s0102t.tik1.xml
s0102t.tik2.xml
s0102t.tik3.xml
s0102t.tik4.xml
s0102t.tik5.xml
s0102t.tik6.xml
s0102t.tik7.xml
s0102t.tik8.xml
s0102t.tik9.xml
s0103t.tik0.xml
s0103t.tik1.xml
s0103t.tik2.xml
s0103t.tik3.xml
s0103t.tik4.xml
s0103t.tik5.xml
s0103t.tik6.xml
s0103t.tik7.xml
s0103t.tik8.xml
s0103t.tik9.xml
s0103t.tik10.xml
s0201t.tik0.xml
s0201t.tik1.xml
s0201t.tik2.xml
s0201t.tik3.xml
s0201t.tik4.xml
s0201t.tik5.xml
s0202t.tik0.xml
s0202t.tik1.xml
s0202t.tik2.xml
s0202t.tik3.xml
s0202t.tik4.xml
s0203t.tik0.xml
s0203t.tik1.xml
s0203t.tik2.xml
s0203t.tik3.xml
s0203t.tik4.xml
s0301t.tik0.xml
s0301t.tik1.xml
s0301t.tik2.xml
s0301t.tik3.xml
s0301t.tik4.xml
s0301t.tik5.xml
s0301t.tik6.xml
s0301t.tik7.xml
s0301t.tik8.xml
s0301t.tik9.xml
s0301t.tik10.xml
s0301t.tik11.xml
s0302t.tik0.xml
s0302t.tik1.xml
s0302t.tik2.xml
s0302t.tik3.xml
s0302t.tik4.xml
s0302t.tik5.xml
s0302t.tik6.xml
s0302t.tik7.xml
s0302t.tik8.xml
s0302t.tik9.xml
s0303t.tik0.xml
s0303t.tik1.xml
s0303t.tik2.xml
s0303t.tik3.xml
s0303t.tik4.xml
s0303t.tik5.xml
s0303t.tik6.xml
s0303t.tik7.xml
s0303t.tik8.xml
s0303t.tik9.xml
s0303t.tik10.xml
s0303t.tik11.xml
s0303t.tik12.xml
s0304t.tik0.xml
s0304t.tik1.xml
s0304t.tik2.xml
s0304t.tik3.xml
s0304t.tik4.xml
s0304t.tik5.xml
s0304t.tik6.xml
s0304t.tik7.xml
s0304t.tik8.xml
s0304t.tik9.xml
s0305t.tik0.xml
s0305t.tik1.xml
s0305t.tik2.xml
s0305t.tik3.xml
s0305t.tik4.xml
s0305t.tik5.xml
s0305t.tik6.xml
s0305t.tik7.xml
s0305t.tik8.xml
s0305t.tik9.xml
s0305t.tik10.xml
s0305t.tik11.xml
s0401t.tik0.xml
s0401t.tik1.xml
s0401t.tik2.xml
s0401t.tik3.xml
s0401t.tik4.xml
s0401t.tik5.xml
s0401t.tik6.xml
s0401t.tik7.xml
s0401t.tik8.xml
s0401t.tik9.xml
s0401t.tik10.xml
s0401t.tik11.xml
s0401t.tik12.xml
s0401t.tik13.xml
s0401t.tik14.xml
s0401t.tik15.xml
s0401t.tik16.xml
s0401t.tik17.xml
s0401t.tik18.xml
s0402t.tik0.xml
s0402t.tik1.xml
s0402t.tik2.xml
s0402t.tik3.xml
s0402t.tik4.xml
s0402t.tik5.xml
s0402t.tik6.xml
s0402t.tik7.xml
s0402t.tik8.xml
s0402t.tik9.xml
s0402t.tik10.xml
s0402t.tik11.xml
s0402t.tik12.xml
s0402t.tik13.xml
s0402t.tik14.xml
s0402t.tik15.xml
s0402t.tik16.xml
s0402t.tik17.xml
s0402t.tik18.xml
s0402t.tik19.xml
s0402t.tik20.xml
s0402t.tik21.xml
s0402t.tik22.xml
s0402t.tik23.xml
s0402t.tik24.xml
s0402t.tik25.xml
s0402t.tik26.xml
s0402t.tik27.xml
s0402t.tik28.xml
s0402t.tik29.xml
s0402t.tik30.xml
s0402t.tik31.xml
s0402t.tik32.xml
s0402t.tik33.xml
s0402t.tik34.xml
s0402t.tik35.xml
s0402t.tik36.xml
s0402t.tik37.xml
s0402t.tik38.xml
s0402t.tik39.xml
s0402t.tik40.xml
s0402t.tik41.xml
s0402t.tik42.xml
s0402t.tik43.xml
s0402t.tik44.xml
s0402t.tik45.xml
s0402t.tik46.xml
s0402t.tik47.xml
s0402t.tik48.xml
s0402t.tik49.xml
s0402t.tik50.xml
s0402t.tik51.xml
s0402t.tik52.xml
s0402t.tik53.xml
s0402t.tik54.xml
s0402t.tik55.xml
s0402t.tik56.xml
s0402t.tik57.xml
s0402t.tik58.xml
s0403t.tik0.xml
s0403t.tik1.xml
s0403t.tik2.xml
s0403t.tik3.xml
s0403t.tik4.xml
s0403t.tik5.xml
s0403t.tik6.xml
s0403t.tik7.xml
s0403t.tik8.xml
s0403t.tik9.xml
s0403t.tik10.xml
s0403t.tik11.xml
s0403t.tik12.xml
s0403t.tik13.xml
s0403t.tik14.xml
s0403t.tik15.xml
s0403t.tik16.xml
s0403t.tik17.xml
s0403t.tik18.xml
s0403t.tik19.xml
s0403t.tik20.xml
s0403t.tik21.xml
s0403t.tik22.xml
s0403t.tik23.xml
s0403t.tik24.xml
s0403t.tik25.xml
s0403t.tik26.xml
s0403t.tik27.xml
s0403t.tik28.xml
s0403t.tik29.xml
s0403t.tik30.xml
s0403t.tik31.xml
s0403t.tik32.xml
s0403t.tik33.xml
s0403t.tik34.xml
s0403t.tik35.xml
s0403t.tik36.xml
s0403t.tik37.xml
s0403t.tik38.xml
s0403t.tik39.xml
s0403t.tik40.xml
s0404t.tik0.xml
s0404t.tik1.xml
s0404t.tik2.xml
s0404t.tik3.xml
s0404t.tik4.xml
s0404t.tik5.xml
s0404t.tik6.xml
s0404t.tik7.xml
s0404t.tik8.xml
s0404t.tik9.xml
s0404t.tik10.xml
s0404t.tik11.xml
s0404t.tik12.xml
s0404t.tik13.xml
s0404t.tik14.xml
s0404t.tik15.xml
s0404t.tik16.xml
s0404t.tik17.xml
s0404t.tik18.xml
s0404t.tik19.xml
s0404t.tik20.xml
s0404t.tik21.xml
s0404t.tik22.xml
s0404t.tik23.xml
s0404t.tik24.xml
s0404t.tik25.xml
s0404t.tik26.xml
s0404t.tik27.xml
s0519t.tik0.xml
s0519t.tik1.xml
s0519t.tik2.xml
s0519t.tik3.xml
s0519t.tik4.xml
s0519t.tik5.xml
s0519t.tik6.xml
abh01t.tik0.xml
abh01t.tik1.xml
abh01t.tik2.xml
abh01t.tik3.xml
abh01t.tik4.xml
abh01t.tik5.xml
abh01t.tik6.xml
abh01t.tik7.xml
abh01t.tik8.xml
abh02t.tik0.xml
abh02t.tik1.xml
abh02t.tik2.xml
abh02t.tik3.xml
abh02t.tik4.xml
abh02t.tik5.xml
abh02t.tik6.xml
abh02t.tik7.xml
abh02t.tik8.xml
abh02t.tik9.xml
abh02t.tik10.xml
abh02t.tik11.xml
abh02t.tik12.xml
abh02t.tik13.xml
abh02t.tik14.xml
abh02t.tik15.xml
abh02t.tik16.xml
abh02t.tik17.xml
abh02t.tik18.xml
abh02t.tik19.xml
abh02t.tik20.xml
abh02t.tik21.xml
abh02t.tik22.xml
abh02t.tik23.xml
abh02t.tik24.xml
abh02t.tik25.xml
abh02t.tik26.xml
abh02t.tik27.xml
abh02t.tik28.xml
abh02t.tik29.xml
abh02t.tik30.xml
abh02t.tik31.xml
abh02t.tik32.xml
abh02t.tik33.xml
abh02t.tik34.xml
abh02t.tik35.xml
abh03t.tik0.xml
abh03t.tik1.xml
abh03t.tik2.xml
abh03t.tik3.xml
abh03t.tik4.xml